<?xml version="1.0" encoding="UTF-8"?>
<testng-results ignored="0" total="1" passed="1" failed="0" skipped="0">
  <reporter-output>
  </reporter-output>
  <suite started-at="2020-09-29T13:23:46 IST" name="Default suite" finished-at="2020-09-29T13:25:14 IST" duration-ms="88134">
    <groups>
    </groups>
    <test started-at="2020-09-29T13:23:46 IST" name="Default test" finished-at="2020-09-29T13:25:14 IST" duration-ms="88134">
      <class name="Mobile_AppiumTest.Mobile_AppiumTest.AppTest">
        <test-method is-config="true" signature="Beforemethod()[pri:0, instance:Mobile_AppiumTest.Mobile_AppiumTest.AppTest@5ccddd20]" started-at="2020-09-29T13:23:46 IST" name="Beforemethod" finished-at="2020-09-29T13:24:48 IST" duration-ms="62089" status="PASS">
          <reporter-output>
          </reporter-output>
        </test-method> <!-- Beforemethod -->
        <test-method signature="SearchCareers()[pri:0, instance:Mobile_AppiumTest.Mobile_AppiumTest.AppTest@5ccddd20]" started-at="2020-09-29T13:24:48 IST" name="SearchCareers" finished-at="2020-09-29T13:25:14 IST" duration-ms="25830" status="PASS">
          <reporter-output>
          </reporter-output>
        </test-method> <!-- SearchCareers -->
      </class> <!-- Mobile_AppiumTest.Mobile_AppiumTest.AppTest -->
    </test> <!-- Default test -->
  </suite> <!-- Default suite -->
</testng-results>
